gcloud dataproc jobs wait 'cac9933957ec47dc9b65b9e291239554' --region 'us-central1' --project 'project1-376508'
https://console.cloud.google.com/storage/browser/dataproc-staging-us-central1-280187916685-pokkhhem/google-cloud-dataproc-metainfo/ebb2b8b2-bb09-4a44-a616-cf8f35da7422/jobs/cac9933957ec47dc9b65b9e291239554/
gs://dataproc-staging-us-central1-280187916685-pokkhhem/google-cloud-dataproc-metainfo/ebb2b8b2-bb09-4a44-a616-cf8f35da7422/jobs/cac9933957ec47dc9b65b9e291239554/driveroutput
Pseudo-terminal will not be allocated because stdin is not a terminal.
bash: -c: option requires an argument
Copying gs://final-project-bucket-nico/mapper.py...
/ [0 files][    0.0 B/  1.6 KiB]                                                
/ [1 files][  1.6 KiB/  1.6 KiB]                                                
Operation completed over 1 objects/1.6 KiB.                                      
Copying gs://final-project-bucket-nico/reducer.py...
/ [0 files][    0.0 B/  686.0 B]                                                
/ [1 files][  686.0 B/  686.0 B]                                                
Operation completed over 1 objects/686.0 B.                                      
Job [100a23cd62d54edabe65b3751bcd3321] submitted.
Waiting for job output...
/usr/lib/hadoop/libexec//hadoop-functions.sh: line 2400: HADOOP_COM.GOOGLE.CLOUD.HADOOP.SERVICES.AGENT.JOB.SHIM.HADOOPRUNCLASSSHIM_USER: invalid variable name
/usr/lib/hadoop/libexec//hadoop-functions.sh: line 2365: HADOOP_COM.GOOGLE.CLOUD.HADOOP.SERVICES.AGENT.JOB.SHIM.HADOOPRUNCLASSSHIM_USER: invalid variable name
/usr/lib/hadoop/libexec//hadoop-functions.sh: line 2460: HADOOP_COM.GOOGLE.CLOUD.HADOOP.SERVICES.AGENT.JOB.SHIM.HADOOPRUNCLASSSHIM_OPTS: invalid variable name
Exception in thread "main" java.lang.reflect.InvocationTargetException
	at sun.reflect.NativeMethodAccessorImpl.invoke0(Native Method)
	at sun.reflect.NativeMethodAccessorImpl.invoke(NativeMethodAccessorImpl.java:62)
	at sun.reflect.DelegatingMethodAccessorImpl.invoke(DelegatingMethodAccessorImpl.java:43)
	at java.lang.reflect.Method.invoke(Method.java:498)
	at com.google.cloud.hadoop.services.agent.job.shim.HadoopRunClassShim.main(HadoopRunClassShim.java:19)
Caused by: java.io.FileNotFoundException: File mapper.py does not exist
	at org.apache.hadoop.fs.RawLocalFileSystem.deprecatedGetFileStatus(RawLocalFileSystem.java:668)
	at org.apache.hadoop.fs.RawLocalFileSystem.getFileLinkStatusInternal(RawLocalFileSystem.java:989)
	at org.apache.hadoop.fs.RawLocalFileSystem.getFileStatus(RawLocalFileSystem.java:658)
	at org.apache.hadoop.fs.FilterFileSystem.getFileStatus(FilterFileSystem.java:458)
	at org.apache.hadoop.util.GenericOptionsParser.validateFiles(GenericOptionsParser.java:454)
	at org.apache.hadoop.util.GenericOptionsParser.validateFiles(GenericOptionsParser.java:399)
	at org.apache.hadoop.util.GenericOptionsParser.processGeneralOptions(GenericOptionsParser.java:331)
	at org.apache.hadoop.util.GenericOptionsParser.parseGeneralOptions(GenericOptionsParser.java:572)
	at org.apache.hadoop.util.GenericOptionsParser.<init>(GenericOptionsParser.java:174)
	at org.apache.hadoop.util.GenericOptionsParser.<init>(GenericOptionsParser.java:156)
	at org.apache.hadoop.util.ToolRunner.run(ToolRunner.java:70)
	at org.apache.hadoop.util.ToolRunner.run(ToolRunner.java:90)
	at org.apache.hadoop.streaming.HadoopStreaming.main(HadoopStreaming.java:50)
	... 5 more
ERROR: (gcloud.dataproc.jobs.submit.hadoop) Job [100a23cd62d54edabe65b3751bcd3321] failed with error:
Job failed with message [Exception in thread "main" java.lang.reflect.InvocationTargetException]. Additional details can be found at:
https://console.cloud.google.com/dataproc/jobs/100a23cd62d54edabe65b3751bcd3321?project=project1-376508&region=us-central1
gcloud dataproc jobs wait '100a23cd62d54edabe65b3751bcd3321' --region 'us-central1' --project 'project1-376508'
https://console.cloud.google.com/storage/browser/dataproc-staging-us-central1-280187916685-pokkhhem/google-cloud-dataproc-metainfo/ebb2b8b2-bb09-4a44-a616-cf8f35da7422/jobs/100a23cd62d54edabe65b3751bcd3321/
gs://dataproc-staging-us-central1-280187916685-pokkhhem/google-cloud-dataproc-metainfo/ebb2b8b2-bb09-4a44-a616-cf8f35da7422/jobs/100a23cd62d54edabe65b3751bcd3321/driveroutput
